2026-07-03 18:46:27 INFO  o.h.validator.internal.util.Version - HV000001: Hibernate Validator 9.1.0.Final
 2026-07-03 18:46:27 INFO  gr.pants.tdebt.TdebtApplication - Starting TdebtApplication using Java 21.0.9 with PID 5828 (C:\Dev\projects\tdebt\build\classes\java\main started by pants in C:\Dev\projects\tdebt)
 2026-07-03 18:46:27 INFO  gr.pants.tdebt.TdebtApplication - No active profile set, falling back to 1 default profile: "default"
 2026-07-03 18:46:28 INFO  o.s.d.r.c.RepositoryConfigurationDelegate - Bootstrapping Spring Data JPA repositories in DEFAULT mode.
 2026-07-03 18:46:28 INFO  o.s.d.r.c.RepositoryConfigurationDelegate - Finished Spring Data repository scanning in 25 ms. Found 5 JPA repository interfaces.
 2026-07-03 18:46:28 INFO  o.s.boot.tomcat.TomcatWebServer - Tomcat initialized with port 8080 (http)
 2026-07-03 18:46:28 INFO  o.s.b.w.c.s.WebApplicationContextInitializer - Root WebApplicationContext: initialization completed in 787 ms
 2026-07-03 18:46:29 INFO  org.flywaydb.core.FlywayExecutor - Database: jdbc:postgresql://localhost:5433/tdebt_db?currentSchema=tdebtapp (PostgreSQL 18.3)
 2026-07-03 18:46:29 INFO  o.f.core.internal.command.DbValidate - Successfully validated 2 migrations (execution time 00:00.015s)
 2026-07-03 18:46:29 INFO  o.f.core.internal.command.DbMigrate - Current version of schema "tdebtapp": 1
 2026-07-03 18:46:29 INFO  o.f.core.internal.command.DbMigrate - Migrating schema "tdebtapp" to version "2 - insert roles capabilities"
 2026-07-03 18:46:29 INFO  o.f.core.internal.command.DbMigrate - Successfully applied 1 migration to schema "tdebtapp", now at version v2 (execution time 00:00.009s)
 2026-07-03 18:46:29 INFO  org.hibernate.orm.core - HHH000001: Hibernate ORM core version 7.4.1.Final
 2026-07-03 18:46:29 INFO  o.s.o.j.p.SpringPersistenceUnitInfo - No LoadTimeWeaver setup: ignoring JPA class transformer
 2026-07-03 18:46:29 WARN  org.hibernate.orm.deprecation - HHH90000025: PostgreSQLDialect does not need to be specified explicitly using 'hibernate.dialect' (remove the property setting and it will be selected by default)
 2026-07-03 18:46:29 INFO  o.hibernate.orm.connections.pooling - HHH10001005: Database info:
	Database JDBC URL [jdbc:postgresql://localhost:5433/tdebt_db?currentSchema=tdebtapp]
	Database driver: PostgreSQL JDBC Driver
	Database dialect: PostgreSQLDialect
	Database version: 18.3
	Default catalog/schema: tdebt_db/tdebtapp
	Autocommit mode: undefined/unknown
	Isolation level: READ_COMMITTED [default READ_COMMITTED]
	JDBC fetch size: none
	Pool: DataSourceConnectionProvider
	Minimum pool size: undefined/unknown
	Maximum pool size: undefined/unknown
 2026-07-03 18:46:30 INFO  org.hibernate.orm.core - HHH000489: No JTA platform available (set 'hibernate.transaction.jta.platform' to enable JTA platform integration)
 2026-07-03 18:46:30 INFO  o.s.o.j.LocalContainerEntityManagerFactoryBean - Initialized JPA EntityManagerFactory for persistence unit 'default'
 2026-07-03 18:46:30 INFO  o.s.d.j.r.q.QueryEnhancerFactories - Hibernate is in classpath; If applicable, HQL parser will be used.
 2026-07-03 18:46:30 INFO  o.s.s.c.a.a.c.InitializeAuthenticationProviderBeanManagerConfigurer$InitializeAuthenticationProviderManagerConfigurer - Global AuthenticationManager configured with AuthenticationProvider bean with name authenticationProvider
 2026-07-03 18:46:30 WARN  o.s.s.c.a.a.c.InitializeUserDetailsBeanManagerConfigurer$InitializeUserDetailsManagerConfigurer - Global AuthenticationManager configured with an AuthenticationProvider bean. UserDetailsService beans will not be used by Spring Security for automatically configuring username/password login. Consider removing the AuthenticationProvider bean. Alternatively, consider using the UserDetailsService in a manually instantiated DaoAuthenticationProvider. If the current configuration is intentional, to turn off this warning, increase the logging level of 'org.springframework.security.config.annotation.authentication.configuration.InitializeUserDetailsBeanManagerConfigurer' to ERROR
 2026-07-03 18:46:30 WARN  o.s.b.j.a.JpaBaseConfiguration$JpaWebConfiguration - spring.jpa.open-in-view is enabled by default. Therefore, database queries may be performed during view rendering. Explicitly configure spring.jpa.open-in-view to disable this warning
 2026-07-03 18:46:30 INFO  o.s.boot.tomcat.TomcatWebServer - Tomcat started on port 8080 (http) with context path '/'
 2026-07-03 18:46:30 INFO  gr.pants.tdebt.TdebtApplication - Started TdebtApplication in 3.301 seconds (process running for 3.527)
 2026-07-03 18:48:31 INFO  o.h.validator.internal.util.Version - HV000001: Hibernate Validator 9.1.0.Final
 2026-07-03 18:48:31 INFO  gr.pants.tdebt.TdebtApplication - Starting TdebtApplication using Java 21.0.9 with PID 10824 (C:\Dev\projects\tdebt\build\classes\java\main started by pants in C:\Dev\projects\tdebt)
 2026-07-03 18:48:31 INFO  gr.pants.tdebt.TdebtApplication - No active profile set, falling back to 1 default profile: "default"
 2026-07-03 18:48:31 INFO  o.s.d.r.c.RepositoryConfigurationDelegate - Bootstrapping Spring Data JPA repositories in DEFAULT mode.
 2026-07-03 18:48:31 INFO  o.s.d.r.c.RepositoryConfigurationDelegate - Finished Spring Data repository scanning in 24 ms. Found 5 JPA repository interfaces.
 2026-07-03 18:48:31 INFO  o.s.boot.tomcat.TomcatWebServer - Tomcat initialized with port 8080 (http)
 2026-07-03 18:48:31 INFO  o.s.b.w.c.s.WebApplicationContextInitializer - Root WebApplicationContext: initialization completed in 725 ms
 2026-07-03 18:48:32 INFO  org.flywaydb.core.FlywayExecutor - Database: jdbc:postgresql://localhost:5433/tdebt_db?currentSchema=tdebtapp (PostgreSQL 18.3)
 2026-07-03 18:48:32 INFO  o.f.core.internal.command.DbValidate - Successfully validated 2 migrations (execution time 00:00.013s)
 2026-07-03 18:48:32 INFO  o.f.core.internal.command.DbMigrate - Current version of schema "tdebtapp": 2
 2026-07-03 18:48:32 INFO  o.f.core.internal.command.DbMigrate - Schema "tdebtapp" is up to date. No migration necessary.
 2026-07-03 18:48:32 INFO  org.hibernate.orm.core - HHH000001: Hibernate ORM core version 7.4.1.Final
 2026-07-03 18:48:32 INFO  o.s.o.j.p.SpringPersistenceUnitInfo - No LoadTimeWeaver setup: ignoring JPA class transformer
 2026-07-03 18:48:32 WARN  org.hibernate.orm.deprecation - HHH90000025: PostgreSQLDialect does not need to be specified explicitly using 'hibernate.dialect' (remove the property setting and it will be selected by default)
 2026-07-03 18:48:32 INFO  o.hibernate.orm.connections.pooling - HHH10001005: Database info:
	Database JDBC URL [jdbc:postgresql://localhost:5433/tdebt_db?currentSchema=tdebtapp]
	Database driver: PostgreSQL JDBC Driver
	Database dialect: PostgreSQLDialect
	Database version: 18.3
	Default catalog/schema: tdebt_db/tdebtapp
	Autocommit mode: undefined/unknown
	Isolation level: READ_COMMITTED [default READ_COMMITTED]
	JDBC fetch size: none
	Pool: DataSourceConnectionProvider
	Minimum pool size: undefined/unknown
	Maximum pool size: undefined/unknown
 2026-07-03 18:48:33 INFO  org.hibernate.orm.core - HHH000489: No JTA platform available (set 'hibernate.transaction.jta.platform' to enable JTA platform integration)
 2026-07-03 18:48:33 INFO  o.s.o.j.LocalContainerEntityManagerFactoryBean - Initialized JPA EntityManagerFactory for persistence unit 'default'
 2026-07-03 18:48:33 INFO  o.s.d.j.r.q.QueryEnhancerFactories - Hibernate is in classpath; If applicable, HQL parser will be used.
 2026-07-03 18:48:33 INFO  o.s.s.c.a.a.c.InitializeAuthenticationProviderBeanManagerConfigurer$InitializeAuthenticationProviderManagerConfigurer - Global AuthenticationManager configured with AuthenticationProvider bean with name authenticationProvider
 2026-07-03 18:48:33 WARN  o.s.s.c.a.a.c.InitializeUserDetailsBeanManagerConfigurer$InitializeUserDetailsManagerConfigurer - Global AuthenticationManager configured with an AuthenticationProvider bean. UserDetailsService beans will not be used by Spring Security for automatically configuring username/password login. Consider removing the AuthenticationProvider bean. Alternatively, consider using the UserDetailsService in a manually instantiated DaoAuthenticationProvider. If the current configuration is intentional, to turn off this warning, increase the logging level of 'org.springframework.security.config.annotation.authentication.configuration.InitializeUserDetailsBeanManagerConfigurer' to ERROR
 2026-07-03 18:48:33 WARN  o.s.b.j.a.JpaBaseConfiguration$JpaWebConfiguration - spring.jpa.open-in-view is enabled by default. Therefore, database queries may be performed during view rendering. Explicitly configure spring.jpa.open-in-view to disable this warning
 2026-07-03 18:48:33 INFO  o.s.boot.tomcat.TomcatWebServer - Tomcat started on port 8080 (http) with context path '/'
 2026-07-03 18:48:33 INFO  gr.pants.tdebt.TdebtApplication - Started TdebtApplication in 2.925 seconds (process running for 3.137)
 2026-07-03 18:49:22 INFO  o.h.validator.internal.util.Version - HV000001: Hibernate Validator 9.1.0.Final
 2026-07-03 18:49:22 INFO  gr.pants.tdebt.TdebtApplication - Starting TdebtApplication using Java 21.0.9 with PID 2444 (C:\Dev\projects\tdebt\build\classes\java\main started by pants in C:\Dev\projects\tdebt)
 2026-07-03 18:49:22 INFO  gr.pants.tdebt.TdebtApplication - No active profile set, falling back to 1 default profile: "default"
 2026-07-03 18:49:22 INFO  o.s.d.r.c.RepositoryConfigurationDelegate - Bootstrapping Spring Data JPA repositories in DEFAULT mode.
 2026-07-03 18:49:22 INFO  o.s.d.r.c.RepositoryConfigurationDelegate - Finished Spring Data repository scanning in 25 ms. Found 5 JPA repository interfaces.
 2026-07-03 18:49:22 INFO  o.s.boot.tomcat.TomcatWebServer - Tomcat initialized with port 8080 (http)
 2026-07-03 18:49:23 INFO  o.s.b.w.c.s.WebApplicationContextInitializer - Root WebApplicationContext: initialization completed in 699 ms
 2026-07-03 18:49:23 INFO  org.flywaydb.core.FlywayExecutor - Database: jdbc:postgresql://localhost:5433/tdebt_db?currentSchema=tdebtapp (PostgreSQL 18.3)
 2026-07-03 18:49:23 INFO  o.f.core.internal.command.DbValidate - Successfully validated 2 migrations (execution time 00:00.013s)
 2026-07-03 18:49:23 INFO  o.f.core.internal.command.DbMigrate - Current version of schema "tdebtapp": 2
 2026-07-03 18:49:23 INFO  o.f.core.internal.command.DbMigrate - Schema "tdebtapp" is up to date. No migration necessary.
 2026-07-03 18:49:23 INFO  org.hibernate.orm.core - HHH000001: Hibernate ORM core version 7.4.1.Final
 2026-07-03 18:49:23 INFO  o.s.o.j.p.SpringPersistenceUnitInfo - No LoadTimeWeaver setup: ignoring JPA class transformer
 2026-07-03 18:49:23 WARN  org.hibernate.orm.deprecation - HHH90000025: PostgreSQLDialect does not need to be specified explicitly using 'hibernate.dialect' (remove the property setting and it will be selected by default)
 2026-07-03 18:49:23 INFO  o.hibernate.orm.connections.pooling - HHH10001005: Database info:
	Database JDBC URL [jdbc:postgresql://localhost:5433/tdebt_db?currentSchema=tdebtapp]
	Database driver: PostgreSQL JDBC Driver
	Database dialect: PostgreSQLDialect
	Database version: 18.3
	Default catalog/schema: tdebt_db/tdebtapp
	Autocommit mode: undefined/unknown
	Isolation level: READ_COMMITTED [default READ_COMMITTED]
	JDBC fetch size: none
	Pool: DataSourceConnectionProvider
	Minimum pool size: undefined/unknown
	Maximum pool size: undefined/unknown
 2026-07-03 18:49:24 INFO  org.hibernate.orm.core - HHH000489: No JTA platform available (set 'hibernate.transaction.jta.platform' to enable JTA platform integration)
 2026-07-03 18:49:24 INFO  o.s.o.j.LocalContainerEntityManagerFactoryBean - Initialized JPA EntityManagerFactory for persistence unit 'default'
 2026-07-03 18:49:24 INFO  o.s.d.j.r.q.QueryEnhancerFactories - Hibernate is in classpath; If applicable, HQL parser will be used.
 2026-07-03 18:49:24 INFO  o.s.s.c.a.a.c.InitializeAuthenticationProviderBeanManagerConfigurer$InitializeAuthenticationProviderManagerConfigurer - Global AuthenticationManager configured with AuthenticationProvider bean with name authenticationProvider
 2026-07-03 18:49:24 WARN  o.s.s.c.a.a.c.InitializeUserDetailsBeanManagerConfigurer$InitializeUserDetailsManagerConfigurer - Global AuthenticationManager configured with an AuthenticationProvider bean. UserDetailsService beans will not be used by Spring Security for automatically configuring username/password login. Consider removing the AuthenticationProvider bean. Alternatively, consider using the UserDetailsService in a manually instantiated DaoAuthenticationProvider. If the current configuration is intentional, to turn off this warning, increase the logging level of 'org.springframework.security.config.annotation.authentication.configuration.InitializeUserDetailsBeanManagerConfigurer' to ERROR
 2026-07-03 18:49:24 WARN  o.s.b.j.a.JpaBaseConfiguration$JpaWebConfiguration - spring.jpa.open-in-view is enabled by default. Therefore, database queries may be performed during view rendering. Explicitly configure spring.jpa.open-in-view to disable this warning
 2026-07-03 18:49:24 INFO  o.s.boot.tomcat.TomcatWebServer - Tomcat started on port 8080 (http) with context path '/'
 2026-07-03 18:49:24 INFO  gr.pants.tdebt.TdebtApplication - Started TdebtApplication in 2.892 seconds (process running for 3.102)
 2026-07-03 20:27:11 INFO  o.h.validator.internal.util.Version - HV000001: Hibernate Validator 9.1.0.Final
 2026-07-03 20:27:11 INFO  gr.pants.tdebt.TdebtApplication - Starting TdebtApplication using Java 21.0.9 with PID 29032 (C:\Dev\projects\tdebt\build\classes\java\main started by pants in C:\Dev\projects\tdebt)
 2026-07-03 20:27:11 INFO  gr.pants.tdebt.TdebtApplication - No active profile set, falling back to 1 default profile: "default"
 2026-07-03 20:27:11 INFO  o.s.d.r.c.RepositoryConfigurationDelegate - Bootstrapping Spring Data JPA repositories in DEFAULT mode.
 2026-07-03 20:27:11 INFO  o.s.d.r.c.RepositoryConfigurationDelegate - Finished Spring Data repository scanning in 23 ms. Found 5 JPA repository interfaces.
 2026-07-03 20:27:12 INFO  o.s.boot.tomcat.TomcatWebServer - Tomcat initialized with port 8080 (http)
 2026-07-03 20:27:12 INFO  o.s.b.w.c.s.WebApplicationContextInitializer - Root WebApplicationContext: initialization completed in 713 ms
 2026-07-03 20:27:12 INFO  org.flywaydb.core.FlywayExecutor - Database: jdbc:postgresql://localhost:5433/tdebt_db?currentSchema=tdebtapp (PostgreSQL 18.3)
 2026-07-03 20:27:12 INFO  o.f.core.internal.command.DbValidate - Successfully validated 2 migrations (execution time 00:00.013s)
 2026-07-03 20:27:12 INFO  o.f.core.internal.command.DbMigrate - Current version of schema "tdebtapp": 2
 2026-07-03 20:27:12 INFO  o.f.core.internal.command.DbMigrate - Schema "tdebtapp" is up to date. No migration necessary.
 2026-07-03 20:27:12 INFO  org.hibernate.orm.core - HHH000001: Hibernate ORM core version 7.4.1.Final
 2026-07-03 20:27:12 INFO  o.s.o.j.p.SpringPersistenceUnitInfo - No LoadTimeWeaver setup: ignoring JPA class transformer
 2026-07-03 20:27:13 WARN  org.hibernate.orm.deprecation - HHH90000025: PostgreSQLDialect does not need to be specified explicitly using 'hibernate.dialect' (remove the property setting and it will be selected by default)
 2026-07-03 20:27:13 INFO  o.hibernate.orm.connections.pooling - HHH10001005: Database info:
	Database JDBC URL [jdbc:postgresql://localhost:5433/tdebt_db?currentSchema=tdebtapp]
	Database driver: PostgreSQL JDBC Driver
	Database dialect: PostgreSQLDialect
	Database version: 18.3
	Default catalog/schema: tdebt_db/tdebtapp
	Autocommit mode: undefined/unknown
	Isolation level: READ_COMMITTED [default READ_COMMITTED]
	JDBC fetch size: none
	Pool: DataSourceConnectionProvider
	Minimum pool size: undefined/unknown
	Maximum pool size: undefined/unknown
 2026-07-03 20:27:13 INFO  org.hibernate.orm.core - HHH000489: No JTA platform available (set 'hibernate.transaction.jta.platform' to enable JTA platform integration)
 2026-07-03 20:27:13 INFO  o.s.o.j.LocalContainerEntityManagerFactoryBean - Initialized JPA EntityManagerFactory for persistence unit 'default'
 2026-07-03 20:27:13 INFO  o.s.d.j.r.q.QueryEnhancerFactories - Hibernate is in classpath; If applicable, HQL parser will be used.
 2026-07-03 20:27:13 INFO  o.s.s.c.a.a.c.InitializeAuthenticationProviderBeanManagerConfigurer$InitializeAuthenticationProviderManagerConfigurer - Global AuthenticationManager configured with AuthenticationProvider bean with name authenticationProvider
 2026-07-03 20:27:13 WARN  o.s.s.c.a.a.c.InitializeUserDetailsBeanManagerConfigurer$InitializeUserDetailsManagerConfigurer - Global AuthenticationManager configured with an AuthenticationProvider bean. UserDetailsService beans will not be used by Spring Security for automatically configuring username/password login. Consider removing the AuthenticationProvider bean. Alternatively, consider using the UserDetailsService in a manually instantiated DaoAuthenticationProvider. If the current configuration is intentional, to turn off this warning, increase the logging level of 'org.springframework.security.config.annotation.authentication.configuration.InitializeUserDetailsBeanManagerConfigurer' to ERROR
 2026-07-03 20:27:13 WARN  o.s.b.j.a.JpaBaseConfiguration$JpaWebConfiguration - spring.jpa.open-in-view is enabled by default. Therefore, database queries may be performed during view rendering. Explicitly configure spring.jpa.open-in-view to disable this warning
 2026-07-03 20:27:14 INFO  o.s.boot.tomcat.TomcatWebServer - Tomcat started on port 8080 (http) with context path '/'
 2026-07-03 20:27:14 INFO  gr.pants.tdebt.TdebtApplication - Started TdebtApplication in 2.921 seconds (process running for 3.134)
 2026-07-03 20:32:30 INFO  o.s.web.servlet.DispatcherServlet - Initializing Servlet 'dispatcherServlet'
 2026-07-03 20:32:30 INFO  o.s.web.servlet.DispatcherServlet - Completed initialization in 2 ms
 2026-07-03 20:32:30 WARN  g.p.t.validators.UserInsertValidator - Save failed. Passwords do not match.
 2026-07-03 20:32:30 WARN  gr.pants.tdebt.core.ErrorHandler - Validation failed. Message=Invalid user data
 2026-07-03 20:32:58 WARN  g.p.t.validators.UserInsertValidator - Save failed. Passwords do not match.
 2026-07-03 20:32:58 WARN  gr.pants.tdebt.core.ErrorHandler - Validation failed. Message=Invalid user data
 2026-07-03 20:33:17 WARN  gr.pants.tdebt.core.ErrorHandler - Entity not found. Message=Role=ROLE_USER was not found
 2026-07-03 20:34:07 WARN  gr.pants.tdebt.core.ErrorHandler - Entity not found. Message=Role=ROLE_USER was not found
 2026-07-03 20:34:19 INFO  o.h.validator.internal.util.Version - HV000001: Hibernate Validator 9.1.0.Final
 2026-07-03 20:34:19 INFO  gr.pants.tdebt.TdebtApplication - Starting TdebtApplication using Java 21.0.9 with PID 23700 (C:\Dev\projects\tdebt\build\classes\java\main started by pants in C:\Dev\projects\tdebt)
 2026-07-03 20:34:19 INFO  gr.pants.tdebt.TdebtApplication - No active profile set, falling back to 1 default profile: "default"
 2026-07-03 20:34:19 INFO  o.s.d.r.c.RepositoryConfigurationDelegate - Bootstrapping Spring Data JPA repositories in DEFAULT mode.
 2026-07-03 20:34:19 INFO  o.s.d.r.c.RepositoryConfigurationDelegate - Finished Spring Data repository scanning in 24 ms. Found 5 JPA repository interfaces.
 2026-07-03 20:34:19 INFO  o.s.boot.tomcat.TomcatWebServer - Tomcat initialized with port 8080 (http)
 2026-07-03 20:34:20 INFO  o.s.b.w.c.s.WebApplicationContextInitializer - Root WebApplicationContext: initialization completed in 709 ms
 2026-07-03 20:34:20 INFO  org.flywaydb.core.FlywayExecutor - Database: jdbc:postgresql://localhost:5433/tdebt_db?currentSchema=tdebtapp (PostgreSQL 18.3)
 2026-07-03 20:34:20 INFO  o.f.core.internal.command.DbValidate - Successfully validated 2 migrations (execution time 00:00.013s)
 2026-07-03 20:34:20 INFO  o.f.core.internal.command.DbMigrate - Current version of schema "tdebtapp": 2
 2026-07-03 20:34:20 INFO  o.f.core.internal.command.DbMigrate - Schema "tdebtapp" is up to date. No migration necessary.
 2026-07-03 20:34:20 INFO  org.hibernate.orm.core - HHH000001: Hibernate ORM core version 7.4.1.Final
 2026-07-03 20:34:20 INFO  o.s.o.j.p.SpringPersistenceUnitInfo - No LoadTimeWeaver setup: ignoring JPA class transformer
 2026-07-03 20:34:20 WARN  org.hibernate.orm.deprecation - HHH90000025: PostgreSQLDialect does not need to be specified explicitly using 'hibernate.dialect' (remove the property setting and it will be selected by default)
 2026-07-03 20:34:20 INFO  o.hibernate.orm.connections.pooling - HHH10001005: Database info:
	Database JDBC URL [jdbc:postgresql://localhost:5433/tdebt_db?currentSchema=tdebtapp]
	Database driver: PostgreSQL JDBC Driver
	Database dialect: PostgreSQLDialect
	Database version: 18.3
	Default catalog/schema: tdebt_db/tdebtapp
	Autocommit mode: undefined/unknown
	Isolation level: READ_COMMITTED [default READ_COMMITTED]
	JDBC fetch size: none
	Pool: DataSourceConnectionProvider
	Minimum pool size: undefined/unknown
	Maximum pool size: undefined/unknown
 2026-07-03 20:34:21 INFO  org.hibernate.orm.core - HHH000489: No JTA platform available (set 'hibernate.transaction.jta.platform' to enable JTA platform integration)
 2026-07-03 20:34:21 INFO  o.s.o.j.LocalContainerEntityManagerFactoryBean - Initialized JPA EntityManagerFactory for persistence unit 'default'
 2026-07-03 20:34:21 INFO  o.s.d.j.r.q.QueryEnhancerFactories - Hibernate is in classpath; If applicable, HQL parser will be used.
 2026-07-03 20:34:21 INFO  o.s.s.c.a.a.c.InitializeAuthenticationProviderBeanManagerConfigurer$InitializeAuthenticationProviderManagerConfigurer - Global AuthenticationManager configured with AuthenticationProvider bean with name authenticationProvider
 2026-07-03 20:34:21 WARN  o.s.s.c.a.a.c.InitializeUserDetailsBeanManagerConfigurer$InitializeUserDetailsManagerConfigurer - Global AuthenticationManager configured with an AuthenticationProvider bean. UserDetailsService beans will not be used by Spring Security for automatically configuring username/password login. Consider removing the AuthenticationProvider bean. Alternatively, consider using the UserDetailsService in a manually instantiated DaoAuthenticationProvider. If the current configuration is intentional, to turn off this warning, increase the logging level of 'org.springframework.security.config.annotation.authentication.configuration.InitializeUserDetailsBeanManagerConfigurer' to ERROR
 2026-07-03 20:34:21 WARN  o.s.b.j.a.JpaBaseConfiguration$JpaWebConfiguration - spring.jpa.open-in-view is enabled by default. Therefore, database queries may be performed during view rendering. Explicitly configure spring.jpa.open-in-view to disable this warning
 2026-07-03 20:34:21 INFO  o.s.boot.tomcat.TomcatWebServer - Tomcat started on port 8080 (http) with context path '/'
 2026-07-03 20:34:21 INFO  gr.pants.tdebt.TdebtApplication - Started TdebtApplication in 2.897 seconds (process running for 3.108)
 2026-07-03 20:34:25 INFO  o.s.web.servlet.DispatcherServlet - Initializing Servlet 'dispatcherServlet'
 2026-07-03 20:34:25 INFO  o.s.web.servlet.DispatcherServlet - Completed initialization in 1 ms
 2026-07-03 20:34:26 INFO  g.p.tdebt.service.UserServiceImpl - User with email=pants.ath@gmail.com saved successfully.
 2026-07-03 20:34:26 WARN  gr.pants.tdebt.core.ErrorHandler - Unexpected error. Message=Cannot invoke "java.util.UUID.toString()" because the return value of "gr.pants.tdebt.model.User.getUuid()" is null
 2026-07-03 20:45:13 INFO  o.h.validator.internal.util.Version - HV000001: Hibernate Validator 9.1.0.Final
 2026-07-03 20:45:13 INFO  gr.pants.tdebt.TdebtApplication - Starting TdebtApplication using Java 21.0.9 with PID 2012 (C:\Dev\projects\tdebt\build\classes\java\main started by pants in C:\Dev\projects\tdebt)
 2026-07-03 20:45:13 INFO  gr.pants.tdebt.TdebtApplication - No active profile set, falling back to 1 default profile: "default"
 2026-07-03 20:45:14 INFO  o.s.d.r.c.RepositoryConfigurationDelegate - Bootstrapping Spring Data JPA repositories in DEFAULT mode.
 2026-07-03 20:45:14 INFO  o.s.d.r.c.RepositoryConfigurationDelegate - Finished Spring Data repository scanning in 23 ms. Found 5 JPA repository interfaces.
 2026-07-03 20:45:14 INFO  o.s.boot.tomcat.TomcatWebServer - Tomcat initialized with port 8080 (http)
 2026-07-03 20:45:14 INFO  o.s.b.w.c.s.WebApplicationContextInitializer - Root WebApplicationContext: initialization completed in 709 ms
 2026-07-03 20:45:14 INFO  org.flywaydb.core.FlywayExecutor - Database: jdbc:postgresql://localhost:5433/tdebt_db?currentSchema=tdebtapp (PostgreSQL 18.3)
 2026-07-03 20:45:14 INFO  o.f.core.internal.command.DbValidate - Successfully validated 2 migrations (execution time 00:00.014s)
 2026-07-03 20:45:14 INFO  o.f.core.internal.command.DbMigrate - Current version of schema "tdebtapp": 2
 2026-07-03 20:45:14 INFO  o.f.core.internal.command.DbMigrate - Schema "tdebtapp" is up to date. No migration necessary.
 2026-07-03 20:45:14 INFO  org.hibernate.orm.core - HHH000001: Hibernate ORM core version 7.4.1.Final
 2026-07-03 20:45:15 INFO  o.s.o.j.p.SpringPersistenceUnitInfo - No LoadTimeWeaver setup: ignoring JPA class transformer
 2026-07-03 20:45:15 WARN  org.hibernate.orm.deprecation - HHH90000025: PostgreSQLDialect does not need to be specified explicitly using 'hibernate.dialect' (remove the property setting and it will be selected by default)
 2026-07-03 20:45:15 INFO  o.hibernate.orm.connections.pooling - HHH10001005: Database info:
	Database JDBC URL [jdbc:postgresql://localhost:5433/tdebt_db?currentSchema=tdebtapp]
	Database driver: PostgreSQL JDBC Driver
	Database dialect: PostgreSQLDialect
	Database version: 18.3
	Default catalog/schema: tdebt_db/tdebtapp
	Autocommit mode: undefined/unknown
	Isolation level: READ_COMMITTED [default READ_COMMITTED]
	JDBC fetch size: none
	Pool: DataSourceConnectionProvider
	Minimum pool size: undefined/unknown
	Maximum pool size: undefined/unknown
 2026-07-03 20:45:15 INFO  org.hibernate.orm.core - HHH000489: No JTA platform available (set 'hibernate.transaction.jta.platform' to enable JTA platform integration)
 2026-07-03 20:45:15 INFO  o.s.o.j.LocalContainerEntityManagerFactoryBean - Initialized JPA EntityManagerFactory for persistence unit 'default'
 2026-07-03 20:45:15 INFO  o.s.d.j.r.q.QueryEnhancerFactories - Hibernate is in classpath; If applicable, HQL parser will be used.
 2026-07-03 20:45:16 INFO  o.s.s.c.a.a.c.InitializeAuthenticationProviderBeanManagerConfigurer$InitializeAuthenticationProviderManagerConfigurer - Global AuthenticationManager configured with AuthenticationProvider bean with name authenticationProvider
 2026-07-03 20:45:16 WARN  o.s.s.c.a.a.c.InitializeUserDetailsBeanManagerConfigurer$InitializeUserDetailsManagerConfigurer - Global AuthenticationManager configured with an AuthenticationProvider bean. UserDetailsService beans will not be used by Spring Security for automatically configuring username/password login. Consider removing the AuthenticationProvider bean. Alternatively, consider using the UserDetailsService in a manually instantiated DaoAuthenticationProvider. If the current configuration is intentional, to turn off this warning, increase the logging level of 'org.springframework.security.config.annotation.authentication.configuration.InitializeUserDetailsBeanManagerConfigurer' to ERROR
 2026-07-03 20:45:16 WARN  o.s.b.j.a.JpaBaseConfiguration$JpaWebConfiguration - spring.jpa.open-in-view is enabled by default. Therefore, database queries may be performed during view rendering. Explicitly configure spring.jpa.open-in-view to disable this warning
 2026-07-03 20:45:16 INFO  o.s.boot.tomcat.TomcatWebServer - Tomcat started on port 8080 (http) with context path '/'
 2026-07-03 20:45:16 INFO  gr.pants.tdebt.TdebtApplication - Started TdebtApplication in 2.917 seconds (process running for 3.142)
 2026-07-03 20:45:23 INFO  o.s.web.servlet.DispatcherServlet - Initializing Servlet 'dispatcherServlet'
 2026-07-03 20:45:23 INFO  o.s.web.servlet.DispatcherServlet - Completed initialization in 1 ms
 2026-07-03 20:45:23 INFO  g.p.tdebt.service.UserServiceImpl - User with email=pants.ath@gmail.com saved successfully.
 2026-07-03 20:47:21 WARN  gr.pants.tdebt.core.ErrorHandler - Unexpected error. Message=No static resource api/v1/auth/authenticate for request '/api/v1/auth/authenticate'.
 2026-07-03 20:47:32 WARN  g.p.t.s.CustomAuthenticationEntryPoint - User not authenticated, with message=Full authentication is required to access this resource
 2026-07-03 20:48:48 WARN  g.p.t.s.CustomAuthenticationEntryPoint - User not authenticated, with message=Full authentication is required to access this resource
 2026-07-03 20:48:59 WARN  g.p.t.s.CustomAuthenticationEntryPoint - User not authenticated, with message=Full authentication is required to access this resource
 2026-07-03 20:52:13 INFO  o.h.validator.internal.util.Version - HV000001: Hibernate Validator 9.1.0.Final
 2026-07-03 20:52:13 INFO  gr.pants.tdebt.TdebtApplication - Starting TdebtApplication using Java 21.0.9 with PID 7124 (C:\Dev\projects\tdebt\build\classes\java\main started by pants in C:\Dev\projects\tdebt)
 2026-07-03 20:52:13 INFO  gr.pants.tdebt.TdebtApplication - No active profile set, falling back to 1 default profile: "default"
 2026-07-03 20:52:14 INFO  o.s.d.r.c.RepositoryConfigurationDelegate - Bootstrapping Spring Data JPA repositories in DEFAULT mode.
 2026-07-03 20:52:14 INFO  o.s.d.r.c.RepositoryConfigurationDelegate - Finished Spring Data repository scanning in 24 ms. Found 5 JPA repository interfaces.
 2026-07-03 20:52:14 INFO  o.s.boot.tomcat.TomcatWebServer - Tomcat initialized with port 8080 (http)
 2026-07-03 20:52:14 INFO  o.s.b.w.c.s.WebApplicationContextInitializer - Root WebApplicationContext: initialization completed in 713 ms
 2026-07-03 20:52:14 INFO  org.flywaydb.core.FlywayExecutor - Database: jdbc:postgresql://localhost:5433/tdebt_db?currentSchema=tdebtapp (PostgreSQL 18.3)
 2026-07-03 20:52:14 INFO  o.f.core.internal.command.DbValidate - Successfully validated 2 migrations (execution time 00:00.013s)
 2026-07-03 20:52:14 INFO  o.f.core.internal.command.DbMigrate - Current version of schema "tdebtapp": 2
 2026-07-03 20:52:14 INFO  o.f.core.internal.command.DbMigrate - Schema "tdebtapp" is up to date. No migration necessary.
 2026-07-03 20:52:15 INFO  org.hibernate.orm.core - HHH000001: Hibernate ORM core version 7.4.1.Final
 2026-07-03 20:52:15 INFO  o.s.o.j.p.SpringPersistenceUnitInfo - No LoadTimeWeaver setup: ignoring JPA class transformer
 2026-07-03 20:52:15 WARN  org.hibernate.orm.deprecation - HHH90000025: PostgreSQLDialect does not need to be specified explicitly using 'hibernate.dialect' (remove the property setting and it will be selected by default)
 2026-07-03 20:52:15 INFO  o.hibernate.orm.connections.pooling - HHH10001005: Database info:
	Database JDBC URL [jdbc:postgresql://localhost:5433/tdebt_db?currentSchema=tdebtapp]
	Database driver: PostgreSQL JDBC Driver
	Database dialect: PostgreSQLDialect
	Database version: 18.3
	Default catalog/schema: tdebt_db/tdebtapp
	Autocommit mode: undefined/unknown
	Isolation level: READ_COMMITTED [default READ_COMMITTED]
	JDBC fetch size: none
	Pool: DataSourceConnectionProvider
	Minimum pool size: undefined/unknown
	Maximum pool size: undefined/unknown
 2026-07-03 20:52:15 INFO  org.hibernate.orm.core - HHH000489: No JTA platform available (set 'hibernate.transaction.jta.platform' to enable JTA platform integration)
 2026-07-03 20:52:15 INFO  o.s.o.j.LocalContainerEntityManagerFactoryBean - Initialized JPA EntityManagerFactory for persistence unit 'default'
 2026-07-03 20:52:15 INFO  o.s.d.j.r.q.QueryEnhancerFactories - Hibernate is in classpath; If applicable, HQL parser will be used.
 2026-07-03 20:52:16 INFO  o.s.s.c.a.a.c.InitializeAuthenticationProviderBeanManagerConfigurer$InitializeAuthenticationProviderManagerConfigurer - Global AuthenticationManager configured with AuthenticationProvider bean with name authenticationProvider
 2026-07-03 20:52:16 WARN  o.s.s.c.a.a.c.InitializeUserDetailsBeanManagerConfigurer$InitializeUserDetailsManagerConfigurer - Global AuthenticationManager configured with an AuthenticationProvider bean. UserDetailsService beans will not be used by Spring Security for automatically configuring username/password login. Consider removing the AuthenticationProvider bean. Alternatively, consider using the UserDetailsService in a manually instantiated DaoAuthenticationProvider. If the current configuration is intentional, to turn off this warning, increase the logging level of 'org.springframework.security.config.annotation.authentication.configuration.InitializeUserDetailsBeanManagerConfigurer' to ERROR
 2026-07-03 20:52:16 WARN  o.s.b.j.a.JpaBaseConfiguration$JpaWebConfiguration - spring.jpa.open-in-view is enabled by default. Therefore, database queries may be performed during view rendering. Explicitly configure spring.jpa.open-in-view to disable this warning
 2026-07-03 20:52:16 INFO  o.s.boot.tomcat.TomcatWebServer - Tomcat started on port 8080 (http) with context path '/'
 2026-07-03 20:52:16 INFO  gr.pants.tdebt.TdebtApplication - Started TdebtApplication in 2.923 seconds (process running for 3.159)
 2026-07-03 20:52:31 INFO  o.s.web.servlet.DispatcherServlet - Initializing Servlet 'dispatcherServlet'
 2026-07-03 20:52:31 INFO  o.s.web.servlet.DispatcherServlet - Completed initialization in 1 ms
 2026-07-03 20:52:31 WARN  gr.pants.tdebt.core.ErrorHandler - Failed login for IP=0:0:0:0:0:0:0:1
 2026-07-03 20:53:05 WARN  g.p.t.validators.UserInsertValidator - Save failed. User with email=pants.ath@gmail.com already exists
 2026-07-03 20:53:05 WARN  gr.pants.tdebt.core.ErrorHandler - Validation failed. Message=Invalid user data
 2026-07-03 20:53:17 WARN  gr.pants.tdebt.core.ErrorHandler - Validation failed. Message=Invalid user data
 2026-07-03 20:55:14 INFO  o.h.validator.internal.util.Version - HV000001: Hibernate Validator 9.1.0.Final
 2026-07-03 20:55:14 INFO  gr.pants.tdebt.TdebtApplication - Starting TdebtApplication using Java 21.0.9 with PID 28032 (C:\Dev\projects\tdebt\build\classes\java\main started by pants in C:\Dev\projects\tdebt)
 2026-07-03 20:55:14 INFO  gr.pants.tdebt.TdebtApplication - No active profile set, falling back to 1 default profile: "default"
 2026-07-03 20:55:14 INFO  o.s.d.r.c.RepositoryConfigurationDelegate - Bootstrapping Spring Data JPA repositories in DEFAULT mode.
 2026-07-03 20:55:14 INFO  o.s.d.r.c.RepositoryConfigurationDelegate - Finished Spring Data repository scanning in 22 ms. Found 5 JPA repository interfaces.
 2026-07-03 20:55:15 INFO  o.s.boot.tomcat.TomcatWebServer - Tomcat initialized with port 8080 (http)
 2026-07-03 20:55:15 INFO  o.s.b.w.c.s.WebApplicationContextInitializer - Root WebApplicationContext: initialization completed in 701 ms
 2026-07-03 20:55:15 INFO  org.flywaydb.core.FlywayExecutor - Database: jdbc:postgresql://localhost:5433/tdebt_db?currentSchema=tdebtapp (PostgreSQL 18.3)
 2026-07-03 20:55:15 INFO  o.f.core.internal.command.DbValidate - Successfully validated 2 migrations (execution time 00:00.013s)
 2026-07-03 20:55:15 INFO  o.f.core.internal.command.DbMigrate - Current version of schema "tdebtapp": 2
 2026-07-03 20:55:15 INFO  o.f.core.internal.command.DbMigrate - Schema "tdebtapp" is up to date. No migration necessary.
 2026-07-03 20:55:15 INFO  org.hibernate.orm.core - HHH000001: Hibernate ORM core version 7.4.1.Final
 2026-07-03 20:55:15 INFO  o.s.o.j.p.SpringPersistenceUnitInfo - No LoadTimeWeaver setup: ignoring JPA class transformer
 2026-07-03 20:55:15 WARN  org.hibernate.orm.deprecation - HHH90000025: PostgreSQLDialect does not need to be specified explicitly using 'hibernate.dialect' (remove the property setting and it will be selected by default)
 2026-07-03 20:55:15 INFO  o.hibernate.orm.connections.pooling - HHH10001005: Database info:
	Database JDBC URL [jdbc:postgresql://localhost:5433/tdebt_db?currentSchema=tdebtapp]
	Database driver: PostgreSQL JDBC Driver
	Database dialect: PostgreSQLDialect
	Database version: 18.3
	Default catalog/schema: tdebt_db/tdebtapp
	Autocommit mode: undefined/unknown
	Isolation level: READ_COMMITTED [default READ_COMMITTED]
	JDBC fetch size: none
	Pool: DataSourceConnectionProvider
	Minimum pool size: undefined/unknown
	Maximum pool size: undefined/unknown
 2026-07-03 20:55:16 INFO  org.hibernate.orm.core - HHH000489: No JTA platform available (set 'hibernate.transaction.jta.platform' to enable JTA platform integration)
 2026-07-03 20:55:16 INFO  o.s.o.j.LocalContainerEntityManagerFactoryBean - Initialized JPA EntityManagerFactory for persistence unit 'default'
 2026-07-03 20:55:16 INFO  o.s.d.j.r.q.QueryEnhancerFactories - Hibernate is in classpath; If applicable, HQL parser will be used.
 2026-07-03 20:55:16 INFO  o.s.s.c.a.a.c.InitializeAuthenticationProviderBeanManagerConfigurer$InitializeAuthenticationProviderManagerConfigurer - Global AuthenticationManager configured with AuthenticationProvider bean with name authenticationProvider
 2026-07-03 20:55:16 WARN  o.s.s.c.a.a.c.InitializeUserDetailsBeanManagerConfigurer$InitializeUserDetailsManagerConfigurer - Global AuthenticationManager configured with an AuthenticationProvider bean. UserDetailsService beans will not be used by Spring Security for automatically configuring username/password login. Consider removing the AuthenticationProvider bean. Alternatively, consider using the UserDetailsService in a manually instantiated DaoAuthenticationProvider. If the current configuration is intentional, to turn off this warning, increase the logging level of 'org.springframework.security.config.annotation.authentication.configuration.InitializeUserDetailsBeanManagerConfigurer' to ERROR
 2026-07-03 20:55:16 WARN  o.s.b.j.a.JpaBaseConfiguration$JpaWebConfiguration - spring.jpa.open-in-view is enabled by default. Therefore, database queries may be performed during view rendering. Explicitly configure spring.jpa.open-in-view to disable this warning
 2026-07-03 20:55:17 INFO  o.s.boot.tomcat.TomcatWebServer - Tomcat started on port 8080 (http) with context path '/'
 2026-07-03 20:55:17 INFO  gr.pants.tdebt.TdebtApplication - Started TdebtApplication in 2.89 seconds (process running for 3.213)
 2026-07-03 20:55:47 INFO  o.s.web.servlet.DispatcherServlet - Initializing Servlet 'dispatcherServlet'
 2026-07-03 20:55:47 INFO  o.s.web.servlet.DispatcherServlet - Completed initialization in 1 ms
 2026-07-03 20:56:18 INFO  o.s.boot.tomcat.GracefulShutdown - Commencing graceful shutdown. Waiting for active requests to complete
 2026-07-03 20:56:18 INFO  o.s.boot.tomcat.GracefulShutdown - Graceful shutdown complete
 2026-07-03 20:56:18 INFO  o.s.o.j.LocalContainerEntityManagerFactoryBean - Closing JPA EntityManagerFactory for persistence unit 'default'
 