2026-07-02 21:12:54 INFO  o.h.validator.internal.util.Version - HV000001: Hibernate Validator 9.1.0.Final
 2026-07-02 21:12:54 INFO  gr.pants.tdebt.TdebtApplication - Starting TdebtApplication using Java 21.0.9 with PID 16684 (C:\Dev\projects\tdebt\build\classes\java\main started by pants in C:\Dev\projects\tdebt)
 2026-07-02 21:12:54 INFO  gr.pants.tdebt.TdebtApplication - No active profile set, falling back to 1 default profile: "default"
 2026-07-02 21:12:55 INFO  o.s.d.r.c.RepositoryConfigurationDelegate - Bootstrapping Spring Data JPA repositories in DEFAULT mode.
 2026-07-02 21:12:55 INFO  o.s.d.r.c.RepositoryConfigurationDelegate - Finished Spring Data repository scanning in 21 ms. Found 5 JPA repository interfaces.
 2026-07-02 21:12:55 INFO  o.s.boot.tomcat.TomcatWebServer - Tomcat initialized with port 8080 (http)
 2026-07-02 21:12:55 INFO  o.s.b.w.c.s.WebApplicationContextInitializer - Root WebApplicationContext: initialization completed in 700 ms
 2026-07-02 21:12:55 ERROR o.s.b.t.s.DeferredServletContainerInitializers - Error starting Tomcat context. Exception: org.springframework.beans.factory.UnsatisfiedDependencyException. Message: Error creating bean with name 'jwtAuthenticationFilter' defined in file [C:\Dev\projects\tdebt\build\classes\java\main\gr\pants\tdebt\security\JwtAuthenticationFilter.class]: Unsatisfied dependency expressed through constructor parameter 0: Error creating bean with name 'jwtService': Injection of autowired dependencies failed
 2026-07-02 21:12:55 WARN  o.s.b.w.s.s.c.AnnotationConfigServletWebServerApplicationContext - Exception encountered during context initialization - cancelling refresh attempt: org.springframework.context.ApplicationContextException: Unable to start web server
 2026-07-02 21:12:55 ERROR o.s.boot.SpringApplication - Application run failed
 org.springframework.context.ApplicationContextException: Unable to start web server
	at org.springframework.boot.web.server.servlet.context.ServletWebServerApplicationContext.onRefresh(ServletWebServerApplicationContext.java:167)
Caused by: org.springframework.boot.web.server.WebServerException: Unable to start embedded Tomcat
	at org.springframework.boot.tomcat.TomcatWebServer.initialize(TomcatWebServer.java:150)
Caused by: org.springframework.beans.factory.UnsatisfiedDependencyException: Error creating bean with name 'jwtAuthenticationFilter' defined in file [C:\Dev\projects\tdebt\build\classes\java\main\gr\pants\tdebt\security\JwtAuthenticationFilter.class]: Unsatisfied dependency expressed through constructor parameter 0: Error creating bean with name 'jwtService': Injection of autowired dependencies failed
	at org.springframework.beans.factory.support.ConstructorResolver.createArgumentArray(ConstructorResolver.java:804)
Caused by: org.springframework.beans.factory.BeanCreationException: Error creating bean with name 'jwtService': Injection of autowired dependencies failed
	at org.springframework.beans.factory.annotation.AutowiredAnnotationBeanPostProcessor.postProcessProperties(AutowiredAnnotationBeanPostProcessor.java:499)
Caused by: org.springframework.util.PlaceholderResolutionException: Could not resolve placeholder 'application.security.jwt.secret-key' in value "${application.security.jwt.secret-key}"
	at org.springframework.util.PlaceholderResolutionException.withValue(PlaceholderResolutionException.java:81)
2026-07-02 21:15:42 INFO  o.h.validator.internal.util.Version - HV000001: Hibernate Validator 9.1.0.Final
 2026-07-02 21:15:42 INFO  gr.pants.tdebt.TdebtApplication - Starting TdebtApplication using Java 21.0.9 with PID 17004 (C:\Dev\projects\tdebt\build\classes\java\main started by pants in C:\Dev\projects\tdebt)
 2026-07-02 21:15:42 INFO  gr.pants.tdebt.TdebtApplication - No active profile set, falling back to 1 default profile: "default"
 2026-07-02 21:15:42 INFO  o.s.d.r.c.RepositoryConfigurationDelegate - Bootstrapping Spring Data JPA repositories in DEFAULT mode.
 2026-07-02 21:15:42 INFO  o.s.d.r.c.RepositoryConfigurationDelegate - Finished Spring Data repository scanning in 22 ms. Found 5 JPA repository interfaces.
 2026-07-02 21:15:43 INFO  o.s.boot.tomcat.TomcatWebServer - Tomcat initialized with port 8080 (http)
 2026-07-02 21:15:43 INFO  o.s.b.w.c.s.WebApplicationContextInitializer - Root WebApplicationContext: initialization completed in 692 ms
 2026-07-02 21:15:43 INFO  org.flywaydb.core.FlywayExecutor - Database: jdbc:postgresql://localhost:5433/tdebt_db?currentSchema=tdebtapp (PostgreSQL 18.3)
 2026-07-02 21:15:43 INFO  o.f.core.internal.command.DbValidate - Successfully validated 1 migration (execution time 00:00.021s)
 2026-07-02 21:15:43 INFO  o.f.core.internal.command.DbMigrate - Current version of schema "tdebtapp": 1
 2026-07-02 21:15:43 INFO  o.f.core.internal.command.DbMigrate - Schema "tdebtapp" is up to date. No migration necessary.
 2026-07-02 21:15:43 INFO  org.hibernate.orm.core - HHH000001: Hibernate ORM core version 7.4.1.Final
 2026-07-02 21:15:43 INFO  o.s.o.j.p.SpringPersistenceUnitInfo - No LoadTimeWeaver setup: ignoring JPA class transformer
 2026-07-02 21:15:44 WARN  org.hibernate.orm.deprecation - HHH90000025: PostgreSQLDialect does not need to be specified explicitly using 'hibernate.dialect' (remove the property setting and it will be selected by default)
 2026-07-02 21:15:44 INFO  o.hibernate.orm.connections.pooling - HHH10001005: Database info:
	Database JDBC URL [jdbc:postgresql://localhost:5433/tdebt_db?currentSchema=tdebtapp]
	Database driver: PostgreSQL JDBC Driver
	Database dialect: PostgreSQLDialect
	Database version: 18.3
	Default catalog/schema: tdebt_db/tdebtapp
	Autocommit mode: undefined/unknown
	Isolation level: READ_COMMITTED [default READ_COMMITTED]
	JDBC fetch size: none
	Pool: DataSourceConnectionProvider
	Minimum pool size: undefined/unknown
	Maximum pool size: undefined/unknown
 2026-07-02 21:15:44 INFO  org.hibernate.orm.core - HHH000489: No JTA platform available (set 'hibernate.transaction.jta.platform' to enable JTA platform integration)
 2026-07-02 21:15:44 INFO  o.s.o.j.LocalContainerEntityManagerFactoryBean - Initialized JPA EntityManagerFactory for persistence unit 'default'
 2026-07-02 21:15:44 INFO  o.s.d.j.r.q.QueryEnhancerFactories - Hibernate is in classpath; If applicable, HQL parser will be used.
 2026-07-02 21:15:44 WARN  o.s.b.w.s.s.c.AnnotationConfigServletWebServerApplicationContext - Exception encountered during context initialization - cancelling refresh attempt: org.springframework.beans.factory.UnsatisfiedDependencyException: Error creating bean with name 'authenticationService' defined in file [C:\Dev\projects\tdebt\build\classes\java\main\gr\pants\tdebt\authentication\AuthenticationService.class]: Unsatisfied dependency expressed through constructor parameter 1: Error creating bean with name 'securityConfig': Injection of autowired dependencies failed
 2026-07-02 21:15:44 INFO  o.s.o.j.LocalContainerEntityManagerFactoryBean - Closing JPA EntityManagerFactory for persistence unit 'default'
 2026-07-02 21:15:44 ERROR o.s.boot.SpringApplication - Application run failed
 org.springframework.beans.factory.UnsatisfiedDependencyException: Error creating bean with name 'authenticationService' defined in file [C:\Dev\projects\tdebt\build\classes\java\main\gr\pants\tdebt\authentication\AuthenticationService.class]: Unsatisfied dependency expressed through constructor parameter 1: Error creating bean with name 'securityConfig': Injection of autowired dependencies failed
	at org.springframework.beans.factory.support.ConstructorResolver.createArgumentArray(ConstructorResolver.java:804)
Caused by: org.springframework.beans.factory.BeanCreationException: Error creating bean with name 'securityConfig': Injection of autowired dependencies failed
	at org.springframework.beans.factory.annotation.AutowiredAnnotationBeanPostProcessor.postProcessProperties(AutowiredAnnotationBeanPostProcessor.java:499)
Caused by: org.springframework.util.PlaceholderResolutionException: Could not resolve placeholder 'allowed.origins' in value "${allowed.origins}"
	at org.springframework.util.PlaceholderResolutionException.withValue(PlaceholderResolutionException.java:81)
2026-07-02 21:18:18 INFO  o.h.validator.internal.util.Version - HV000001: Hibernate Validator 9.1.0.Final
 2026-07-02 21:18:18 INFO  gr.pants.tdebt.TdebtApplication - Starting TdebtApplication using Java 21.0.9 with PID 4380 (C:\Dev\projects\tdebt\build\classes\java\main started by pants in C:\Dev\projects\tdebt)
 2026-07-02 21:18:18 INFO  gr.pants.tdebt.TdebtApplication - No active profile set, falling back to 1 default profile: "default"
 2026-07-02 21:18:19 INFO  o.s.d.r.c.RepositoryConfigurationDelegate - Bootstrapping Spring Data JPA repositories in DEFAULT mode.
 2026-07-02 21:18:19 INFO  o.s.d.r.c.RepositoryConfigurationDelegate - Finished Spring Data repository scanning in 21 ms. Found 5 JPA repository interfaces.
 2026-07-02 21:18:19 INFO  o.s.boot.tomcat.TomcatWebServer - Tomcat initialized with port 8080 (http)
 2026-07-02 21:18:19 INFO  o.s.b.w.c.s.WebApplicationContextInitializer - Root WebApplicationContext: initialization completed in 696 ms
 2026-07-02 21:18:19 INFO  org.flywaydb.core.FlywayExecutor - Database: jdbc:postgresql://localhost:5433/tdebt_db?currentSchema=tdebtapp (PostgreSQL 18.3)
 2026-07-02 21:18:19 INFO  o.f.core.internal.command.DbValidate - Successfully validated 1 migration (execution time 00:00.014s)
 2026-07-02 21:18:19 INFO  o.f.core.internal.command.DbMigrate - Current version of schema "tdebtapp": 1
 2026-07-02 21:18:19 INFO  o.f.core.internal.command.DbMigrate - Schema "tdebtapp" is up to date. No migration necessary.
 2026-07-02 21:18:20 INFO  org.hibernate.orm.core - HHH000001: Hibernate ORM core version 7.4.1.Final
 2026-07-02 21:18:20 INFO  o.s.o.j.p.SpringPersistenceUnitInfo - No LoadTimeWeaver setup: ignoring JPA class transformer
 2026-07-02 21:18:20 WARN  org.hibernate.orm.deprecation - HHH90000025: PostgreSQLDialect does not need to be specified explicitly using 'hibernate.dialect' (remove the property setting and it will be selected by default)
 2026-07-02 21:18:20 INFO  o.hibernate.orm.connections.pooling - HHH10001005: Database info:
	Database JDBC URL [jdbc:postgresql://localhost:5433/tdebt_db?currentSchema=tdebtapp]
	Database driver: PostgreSQL JDBC Driver
	Database dialect: PostgreSQLDialect
	Database version: 18.3
	Default catalog/schema: tdebt_db/tdebtapp
	Autocommit mode: undefined/unknown
	Isolation level: READ_COMMITTED [default READ_COMMITTED]
	JDBC fetch size: none
	Pool: DataSourceConnectionProvider
	Minimum pool size: undefined/unknown
	Maximum pool size: undefined/unknown
 2026-07-02 21:18:20 INFO  org.hibernate.orm.core - HHH000489: No JTA platform available (set 'hibernate.transaction.jta.platform' to enable JTA platform integration)
 2026-07-02 21:18:20 INFO  o.s.o.j.LocalContainerEntityManagerFactoryBean - Initialized JPA EntityManagerFactory for persistence unit 'default'
 2026-07-02 21:18:20 INFO  o.s.d.j.r.q.QueryEnhancerFactories - Hibernate is in classpath; If applicable, HQL parser will be used.
 2026-07-02 21:18:21 WARN  o.s.b.w.s.s.c.AnnotationConfigServletWebServerApplicationContext - Exception encountered during context initialization - cancelling refresh attempt: org.springframework.beans.factory.UnsatisfiedDependencyException: Error creating bean with name 'authenticationService' defined in file [C:\Dev\projects\tdebt\build\classes\java\main\gr\pants\tdebt\authentication\AuthenticationService.class]: Unsatisfied dependency expressed through constructor parameter 1: Error creating bean with name 'securityConfig': Injection of autowired dependencies failed
 2026-07-02 21:18:21 INFO  o.s.o.j.LocalContainerEntityManagerFactoryBean - Closing JPA EntityManagerFactory for persistence unit 'default'
 2026-07-02 21:18:21 ERROR o.s.boot.SpringApplication - Application run failed
 org.springframework.beans.factory.UnsatisfiedDependencyException: Error creating bean with name 'authenticationService' defined in file [C:\Dev\projects\tdebt\build\classes\java\main\gr\pants\tdebt\authentication\AuthenticationService.class]: Unsatisfied dependency expressed through constructor parameter 1: Error creating bean with name 'securityConfig': Injection of autowired dependencies failed
	at org.springframework.beans.factory.support.ConstructorResolver.createArgumentArray(ConstructorResolver.java:804)
Caused by: org.springframework.beans.factory.BeanCreationException: Error creating bean with name 'securityConfig': Injection of autowired dependencies failed
	at org.springframework.beans.factory.annotation.AutowiredAnnotationBeanPostProcessor.postProcessProperties(AutowiredAnnotationBeanPostProcessor.java:499)
Caused by: org.springframework.util.PlaceholderResolutionException: Could not resolve placeholder 'allowed.origins' in value "${allowed.origins}"
	at org.springframework.util.PlaceholderResolutionException.withValue(PlaceholderResolutionException.java:81)
2026-07-02 21:20:33 INFO  o.h.validator.internal.util.Version - HV000001: Hibernate Validator 9.1.0.Final
 2026-07-02 21:20:33 INFO  gr.pants.tdebt.TdebtApplication - Starting TdebtApplication using Java 21.0.9 with PID 4532 (C:\Dev\projects\tdebt\build\classes\java\main started by pants in C:\Dev\projects\tdebt)
 2026-07-02 21:20:33 INFO  gr.pants.tdebt.TdebtApplication - No active profile set, falling back to 1 default profile: "default"
 2026-07-02 21:20:33 INFO  o.s.d.r.c.RepositoryConfigurationDelegate - Bootstrapping Spring Data JPA repositories in DEFAULT mode.
 2026-07-02 21:20:33 INFO  o.s.d.r.c.RepositoryConfigurationDelegate - Finished Spring Data repository scanning in 23 ms. Found 5 JPA repository interfaces.
 2026-07-02 21:20:34 INFO  o.s.boot.tomcat.TomcatWebServer - Tomcat initialized with port 8080 (http)
 2026-07-02 21:20:34 INFO  o.s.b.w.c.s.WebApplicationContextInitializer - Root WebApplicationContext: initialization completed in 712 ms
 2026-07-02 21:20:34 INFO  org.flywaydb.core.FlywayExecutor - Database: jdbc:postgresql://localhost:5433/tdebt_db?currentSchema=tdebtapp (PostgreSQL 18.3)
 2026-07-02 21:20:34 INFO  o.f.core.internal.command.DbValidate - Successfully validated 1 migration (execution time 00:00.014s)
 2026-07-02 21:20:34 INFO  o.f.core.internal.command.DbMigrate - Current version of schema "tdebtapp": 1
 2026-07-02 21:20:34 INFO  o.f.core.internal.command.DbMigrate - Schema "tdebtapp" is up to date. No migration necessary.
 2026-07-02 21:20:34 INFO  org.hibernate.orm.core - HHH000001: Hibernate ORM core version 7.4.1.Final
 2026-07-02 21:20:34 INFO  o.s.o.j.p.SpringPersistenceUnitInfo - No LoadTimeWeaver setup: ignoring JPA class transformer
 2026-07-02 21:20:34 WARN  org.hibernate.orm.deprecation - HHH90000025: PostgreSQLDialect does not need to be specified explicitly using 'hibernate.dialect' (remove the property setting and it will be selected by default)
 2026-07-02 21:20:34 INFO  o.hibernate.orm.connections.pooling - HHH10001005: Database info:
	Database JDBC URL [jdbc:postgresql://localhost:5433/tdebt_db?currentSchema=tdebtapp]
	Database driver: PostgreSQL JDBC Driver
	Database dialect: PostgreSQLDialect
	Database version: 18.3
	Default catalog/schema: tdebt_db/tdebtapp
	Autocommit mode: undefined/unknown
	Isolation level: READ_COMMITTED [default READ_COMMITTED]
	JDBC fetch size: none
	Pool: DataSourceConnectionProvider
	Minimum pool size: undefined/unknown
	Maximum pool size: undefined/unknown
 2026-07-02 21:20:35 INFO  org.hibernate.orm.core - HHH000489: No JTA platform available (set 'hibernate.transaction.jta.platform' to enable JTA platform integration)
 2026-07-02 21:20:35 INFO  o.s.o.j.LocalContainerEntityManagerFactoryBean - Initialized JPA EntityManagerFactory for persistence unit 'default'
 2026-07-02 21:20:35 INFO  o.s.d.j.r.q.QueryEnhancerFactories - Hibernate is in classpath; If applicable, HQL parser will be used.
 2026-07-02 21:20:35 INFO  o.s.s.c.a.a.c.InitializeAuthenticationProviderBeanManagerConfigurer$InitializeAuthenticationProviderManagerConfigurer - Global AuthenticationManager configured with AuthenticationProvider bean with name authenticationProvider
 2026-07-02 21:20:35 WARN  o.s.s.c.a.a.c.InitializeUserDetailsBeanManagerConfigurer$InitializeUserDetailsManagerConfigurer - Global AuthenticationManager configured with an AuthenticationProvider bean. UserDetailsService beans will not be used by Spring Security for automatically configuring username/password login. Consider removing the AuthenticationProvider bean. Alternatively, consider using the UserDetailsService in a manually instantiated DaoAuthenticationProvider. If the current configuration is intentional, to turn off this warning, increase the logging level of 'org.springframework.security.config.annotation.authentication.configuration.InitializeUserDetailsBeanManagerConfigurer' to ERROR
 2026-07-02 21:20:35 WARN  o.s.b.j.a.JpaBaseConfiguration$JpaWebConfiguration - spring.jpa.open-in-view is enabled by default. Therefore, database queries may be performed during view rendering. Explicitly configure spring.jpa.open-in-view to disable this warning
 2026-07-02 21:20:36 INFO  o.s.boot.tomcat.TomcatWebServer - Tomcat started on port 8080 (http) with context path '/'
 2026-07-02 21:20:36 INFO  gr.pants.tdebt.TdebtApplication - Started TdebtApplication in 2.949 seconds (process running for 3.169)
 2026-07-02 21:24:29 INFO  o.h.validator.internal.util.Version - HV000001: Hibernate Validator 9.1.0.Final
 2026-07-02 21:24:29 INFO  gr.pants.tdebt.TdebtApplication - Starting TdebtApplication using Java 21.0.9 with PID 2808 (C:\Dev\projects\tdebt\build\classes\java\main started by pants in C:\Dev\projects\tdebt)
 2026-07-02 21:24:29 INFO  gr.pants.tdebt.TdebtApplication - No active profile set, falling back to 1 default profile: "default"
 2026-07-02 21:24:29 INFO  o.s.d.r.c.RepositoryConfigurationDelegate - Bootstrapping Spring Data JPA repositories in DEFAULT mode.
 2026-07-02 21:24:29 INFO  o.s.d.r.c.RepositoryConfigurationDelegate - Finished Spring Data repository scanning in 21 ms. Found 5 JPA repository interfaces.
 2026-07-02 21:24:30 INFO  o.s.boot.tomcat.TomcatWebServer - Tomcat initialized with port 8080 (http)
 2026-07-02 21:24:30 INFO  o.s.b.w.c.s.WebApplicationContextInitializer - Root WebApplicationContext: initialization completed in 722 ms
 2026-07-02 21:24:30 INFO  org.flywaydb.core.FlywayExecutor - Database: jdbc:postgresql://localhost:5433/tdebt_db?currentSchema=tdebtapp (PostgreSQL 18.3)
 2026-07-02 21:24:30 INFO  o.f.core.internal.command.DbValidate - Successfully validated 1 migration (execution time 00:00.012s)
 2026-07-02 21:24:30 INFO  o.f.core.internal.command.DbMigrate - Current version of schema "tdebtapp": 1
 2026-07-02 21:24:30 INFO  o.f.core.internal.command.DbMigrate - Schema "tdebtapp" is up to date. No migration necessary.
 2026-07-02 21:24:30 INFO  org.hibernate.orm.core - HHH000001: Hibernate ORM core version 7.4.1.Final
 2026-07-02 21:24:30 INFO  o.s.o.j.p.SpringPersistenceUnitInfo - No LoadTimeWeaver setup: ignoring JPA class transformer
 2026-07-02 21:24:30 WARN  org.hibernate.orm.deprecation - HHH90000025: PostgreSQLDialect does not need to be specified explicitly using 'hibernate.dialect' (remove the property setting and it will be selected by default)
 2026-07-02 21:24:30 INFO  o.hibernate.orm.connections.pooling - HHH10001005: Database info:
	Database JDBC URL [jdbc:postgresql://localhost:5433/tdebt_db?currentSchema=tdebtapp]
	Database driver: PostgreSQL JDBC Driver
	Database dialect: PostgreSQLDialect
	Database version: 18.3
	Default catalog/schema: tdebt_db/tdebtapp
	Autocommit mode: undefined/unknown
	Isolation level: READ_COMMITTED [default READ_COMMITTED]
	JDBC fetch size: none
	Pool: DataSourceConnectionProvider
	Minimum pool size: undefined/unknown
	Maximum pool size: undefined/unknown
 2026-07-02 21:24:31 INFO  org.hibernate.orm.core - HHH000489: No JTA platform available (set 'hibernate.transaction.jta.platform' to enable JTA platform integration)
 2026-07-02 21:24:31 INFO  o.s.o.j.LocalContainerEntityManagerFactoryBean - Initialized JPA EntityManagerFactory for persistence unit 'default'
 2026-07-02 21:24:31 INFO  o.s.d.j.r.q.QueryEnhancerFactories - Hibernate is in classpath; If applicable, HQL parser will be used.
 2026-07-02 21:24:31 INFO  o.s.s.c.a.a.c.InitializeAuthenticationProviderBeanManagerConfigurer$InitializeAuthenticationProviderManagerConfigurer - Global AuthenticationManager configured with AuthenticationProvider bean with name authenticationProvider
 2026-07-02 21:24:31 WARN  o.s.s.c.a.a.c.InitializeUserDetailsBeanManagerConfigurer$InitializeUserDetailsManagerConfigurer - Global AuthenticationManager configured with an AuthenticationProvider bean. UserDetailsService beans will not be used by Spring Security for automatically configuring username/password login. Consider removing the AuthenticationProvider bean. Alternatively, consider using the UserDetailsService in a manually instantiated DaoAuthenticationProvider. If the current configuration is intentional, to turn off this warning, increase the logging level of 'org.springframework.security.config.annotation.authentication.configuration.InitializeUserDetailsBeanManagerConfigurer' to ERROR
 2026-07-02 21:24:31 WARN  o.s.b.j.a.JpaBaseConfiguration$JpaWebConfiguration - spring.jpa.open-in-view is enabled by default. Therefore, database queries may be performed during view rendering. Explicitly configure spring.jpa.open-in-view to disable this warning
 2026-07-02 21:24:32 INFO  o.s.boot.tomcat.TomcatWebServer - Tomcat started on port 8080 (http) with context path '/'
 2026-07-02 21:24:32 INFO  gr.pants.tdebt.TdebtApplication - Started TdebtApplication in 2.92 seconds (process running for 3.259)
 2026-07-02 21:24:32 ERROR o.s.boot.SpringApplication - Application run failed
 java.lang.RuntimeException: Admin role not found. Check Flyway scripts.
	at gr.pants.tdebt.runner.AdminSeeder.lambda$run$0(AdminSeeder.java:38)
2026-07-02 21:24:32 INFO  o.s.boot.tomcat.GracefulShutdown - Commencing graceful shutdown. Waiting for active requests to complete
 2026-07-02 21:24:32 INFO  o.s.boot.tomcat.GracefulShutdown - Graceful shutdown complete
 2026-07-02 21:24:32 INFO  o.s.o.j.LocalContainerEntityManagerFactoryBean - Closing JPA EntityManagerFactory for persistence unit 'default'
 2026-07-02 21:29:49 INFO  o.h.validator.internal.util.Version - HV000001: Hibernate Validator 9.1.0.Final
 2026-07-02 21:29:49 INFO  gr.pants.tdebt.TdebtApplication - Starting TdebtApplication using Java 21.0.9 with PID 22100 (C:\Dev\projects\tdebt\build\classes\java\main started by pants in C:\Dev\projects\tdebt)
 2026-07-02 21:29:49 INFO  gr.pants.tdebt.TdebtApplication - No active profile set, falling back to 1 default profile: "default"
 2026-07-02 21:29:49 INFO  o.s.d.r.c.RepositoryConfigurationDelegate - Bootstrapping Spring Data JPA repositories in DEFAULT mode.
 2026-07-02 21:29:49 INFO  o.s.d.r.c.RepositoryConfigurationDelegate - Finished Spring Data repository scanning in 23 ms. Found 5 JPA repository interfaces.
 2026-07-02 21:29:49 INFO  o.s.boot.tomcat.TomcatWebServer - Tomcat initialized with port 8080 (http)
 2026-07-02 21:29:49 INFO  o.s.b.w.c.s.WebApplicationContextInitializer - Root WebApplicationContext: initialization completed in 711 ms
 2026-07-02 21:29:50 INFO  org.flywaydb.core.FlywayExecutor - Database: jdbc:postgresql://localhost:5433/tdebt_db?currentSchema=tdebtapp (PostgreSQL 18.3)
 2026-07-02 21:29:50 INFO  o.f.core.internal.command.DbValidate - Successfully validated 1 migration (execution time 00:00.014s)
 2026-07-02 21:29:50 INFO  o.f.core.internal.command.DbMigrate - Current version of schema "tdebtapp": 1
 2026-07-02 21:29:50 INFO  o.f.core.internal.command.DbMigrate - Schema "tdebtapp" is up to date. No migration necessary.
 2026-07-02 21:29:50 INFO  org.hibernate.orm.core - HHH000001: Hibernate ORM core version 7.4.1.Final
 2026-07-02 21:29:50 INFO  o.s.o.j.p.SpringPersistenceUnitInfo - No LoadTimeWeaver setup: ignoring JPA class transformer
 2026-07-02 21:29:50 WARN  org.hibernate.orm.deprecation - HHH90000025: PostgreSQLDialect does not need to be specified explicitly using 'hibernate.dialect' (remove the property setting and it will be selected by default)
 2026-07-02 21:29:50 INFO  o.hibernate.orm.connections.pooling - HHH10001005: Database info:
	Database JDBC URL [jdbc:postgresql://localhost:5433/tdebt_db?currentSchema=tdebtapp]
	Database driver: PostgreSQL JDBC Driver
	Database dialect: PostgreSQLDialect
	Database version: 18.3
	Default catalog/schema: tdebt_db/tdebtapp
	Autocommit mode: undefined/unknown
	Isolation level: READ_COMMITTED [default READ_COMMITTED]
	JDBC fetch size: none
	Pool: DataSourceConnectionProvider
	Minimum pool size: undefined/unknown
	Maximum pool size: undefined/unknown
 2026-07-02 21:29:51 INFO  org.hibernate.orm.core - HHH000489: No JTA platform available (set 'hibernate.transaction.jta.platform' to enable JTA platform integration)
 2026-07-02 21:29:51 INFO  o.s.o.j.LocalContainerEntityManagerFactoryBean - Initialized JPA EntityManagerFactory for persistence unit 'default'
 2026-07-02 21:29:51 INFO  o.s.d.j.r.q.QueryEnhancerFactories - Hibernate is in classpath; If applicable, HQL parser will be used.
 2026-07-02 21:29:51 INFO  o.s.s.c.a.a.c.InitializeAuthenticationProviderBeanManagerConfigurer$InitializeAuthenticationProviderManagerConfigurer - Global AuthenticationManager configured with AuthenticationProvider bean with name authenticationProvider
 2026-07-02 21:29:51 WARN  o.s.s.c.a.a.c.InitializeUserDetailsBeanManagerConfigurer$InitializeUserDetailsManagerConfigurer - Global AuthenticationManager configured with an AuthenticationProvider bean. UserDetailsService beans will not be used by Spring Security for automatically configuring username/password login. Consider removing the AuthenticationProvider bean. Alternatively, consider using the UserDetailsService in a manually instantiated DaoAuthenticationProvider. If the current configuration is intentional, to turn off this warning, increase the logging level of 'org.springframework.security.config.annotation.authentication.configuration.InitializeUserDetailsBeanManagerConfigurer' to ERROR
 2026-07-02 21:29:51 WARN  o.s.b.j.a.JpaBaseConfiguration$JpaWebConfiguration - spring.jpa.open-in-view is enabled by default. Therefore, database queries may be performed during view rendering. Explicitly configure spring.jpa.open-in-view to disable this warning
 2026-07-02 21:29:51 INFO  o.s.boot.tomcat.TomcatWebServer - Tomcat started on port 8080 (http) with context path '/'
 2026-07-02 21:29:51 INFO  gr.pants.tdebt.TdebtApplication - Started TdebtApplication in 2.909 seconds (process running for 3.122)
 