2026-07-10 17:48:14 INFO  o.h.validator.internal.util.Version - HV000001: Hibernate Validator 9.1.0.Final
 2026-07-10 17:48:14 INFO  gr.pants.tdebt.TdebtApplication - Starting TdebtApplication using Java 21.0.9 with PID 8764 (C:\Dev\projects\tdebt\build\classes\java\main started by pants in C:\Dev\projects\tdebt)
 2026-07-10 17:48:14 INFO  gr.pants.tdebt.TdebtApplication - No active profile set, falling back to 1 default profile: "default"
 2026-07-10 17:48:15 INFO  o.s.d.r.c.RepositoryConfigurationDelegate - Bootstrapping Spring Data JPA repositories in DEFAULT mode.
 2026-07-10 17:48:15 INFO  o.s.d.r.c.RepositoryConfigurationDelegate - Finished Spring Data repository scanning in 28 ms. Found 5 JPA repository interfaces.
 2026-07-10 17:48:15 INFO  o.s.boot.tomcat.TomcatWebServer - Tomcat initialized with port 8080 (http)
 2026-07-10 17:48:15 INFO  o.s.b.w.c.s.WebApplicationContextInitializer - Root WebApplicationContext: initialization completed in 840 ms
 2026-07-10 17:48:15 INFO  org.flywaydb.core.FlywayExecutor - Database: jdbc:postgresql://localhost:5433/tdebt_db?currentSchema=tdebtapp (PostgreSQL 18.3)
 2026-07-10 17:48:15 INFO  o.f.core.internal.command.DbValidate - Successfully validated 4 migrations (execution time 00:00.024s)
 2026-07-10 17:48:16 INFO  o.f.core.internal.command.DbMigrate - Current version of schema "tdebtapp": 3
 2026-07-10 17:48:16 INFO  o.f.core.internal.command.DbMigrate - Migrating schema "tdebtapp" to version "4 - add transaction correction"
 2026-07-10 17:48:16 INFO  o.f.core.internal.command.DbMigrate - Successfully applied 1 migration to schema "tdebtapp", now at version v4 (execution time 00:00.046s)
 2026-07-10 17:48:16 INFO  org.hibernate.orm.core - HHH000001: Hibernate ORM core version 7.4.1.Final
 2026-07-10 17:48:16 INFO  o.s.o.j.p.SpringPersistenceUnitInfo - No LoadTimeWeaver setup: ignoring JPA class transformer
 2026-07-10 17:48:16 WARN  org.hibernate.orm.deprecation - HHH90000025: PostgreSQLDialect does not need to be specified explicitly using 'hibernate.dialect' (remove the property setting and it will be selected by default)
 2026-07-10 17:48:16 INFO  o.hibernate.orm.connections.pooling - HHH10001005: Database info:
	Database JDBC URL [jdbc:postgresql://localhost:5433/tdebt_db?currentSchema=tdebtapp]
	Database driver: PostgreSQL JDBC Driver
	Database dialect: PostgreSQLDialect
	Database version: 18.3
	Default catalog/schema: tdebt_db/tdebtapp
	Autocommit mode: undefined/unknown
	Isolation level: READ_COMMITTED [default READ_COMMITTED]
	JDBC fetch size: none
	Pool: DataSourceConnectionProvider
	Minimum pool size: undefined/unknown
	Maximum pool size: undefined/unknown
 2026-07-10 17:48:17 INFO  org.hibernate.orm.core - HHH000489: No JTA platform available (set 'hibernate.transaction.jta.platform' to enable JTA platform integration)
 2026-07-10 17:48:17 INFO  o.s.o.j.LocalContainerEntityManagerFactoryBean - Initialized JPA EntityManagerFactory for persistence unit 'default'
 2026-07-10 17:48:17 INFO  o.s.d.j.r.q.QueryEnhancerFactories - Hibernate is in classpath; If applicable, HQL parser will be used.
 2026-07-10 17:48:17 INFO  o.s.s.c.a.a.c.InitializeAuthenticationProviderBeanManagerConfigurer$InitializeAuthenticationProviderManagerConfigurer - Global AuthenticationManager configured with AuthenticationProvider bean with name authenticationProvider
 2026-07-10 17:48:17 WARN  o.s.s.c.a.a.c.InitializeUserDetailsBeanManagerConfigurer$InitializeUserDetailsManagerConfigurer - Global AuthenticationManager configured with an AuthenticationProvider bean. UserDetailsService beans will not be used by Spring Security for automatically configuring username/password login. Consider removing the AuthenticationProvider bean. Alternatively, consider using the UserDetailsService in a manually instantiated DaoAuthenticationProvider. If the current configuration is intentional, to turn off this warning, increase the logging level of 'org.springframework.security.config.annotation.authentication.configuration.InitializeUserDetailsBeanManagerConfigurer' to ERROR
 2026-07-10 17:48:17 WARN  o.s.b.j.a.JpaBaseConfiguration$JpaWebConfiguration - spring.jpa.open-in-view is enabled by default. Therefore, database queries may be performed during view rendering. Explicitly configure spring.jpa.open-in-view to disable this warning
 2026-07-10 17:48:18 INFO  o.s.boot.tomcat.TomcatWebServer - Tomcat started on port 8080 (http) with context path '/'
 2026-07-10 17:48:18 INFO  gr.pants.tdebt.TdebtApplication - Started TdebtApplication in 3.813 seconds (process running for 4.043)
 2026-07-10 17:50:52 INFO  o.s.web.servlet.DispatcherServlet - Initializing Servlet 'dispatcherServlet'
 2026-07-10 17:50:52 INFO  o.s.web.servlet.DispatcherServlet - Completed initialization in 1 ms
 2026-07-10 17:50:52 WARN  gr.pants.tdebt.core.ErrorHandler - Validation failed. Message=validation.request.user.invalid
 2026-07-10 17:51:55 WARN  g.p.t.validators.UserInsertValidator - Save failed. User with email=pants.ath@gmail.com already exists
 2026-07-10 17:51:55 WARN  gr.pants.tdebt.core.ErrorHandler - Validation failed. Message=validation.request.user.invalid
 2026-07-10 17:53:21 WARN  gr.pants.tdebt.core.ErrorHandler - Validation failed. Message=validation.request.user.invalid
 