2026-07-03 18:46:31 - 
    select
        u1_0.id,
        u1_0.created_at,
        u1_0.deleted,
        u1_0.deleted_at,
        u1_0.email,
        u1_0.password,
        u1_0.role_id,
        u1_0.updated_at,
        u1_0.uuid 
    from
        users u1_0 
    where
        u1_0.email=?
2026-07-03 18:46:31 - 
    select
        r1_0.id,
        r1_0.name 
    from
        roles r1_0 
    where
        r1_0.name=?
2026-07-03 18:48:33 - 
    select
        u1_0.id,
        u1_0.created_at,
        u1_0.deleted,
        u1_0.deleted_at,
        u1_0.email,
        u1_0.password,
        u1_0.role_id,
        u1_0.updated_at,
        u1_0.uuid 
    from
        users u1_0 
    where
        u1_0.email=?
2026-07-03 18:48:33 - 
    select
        r1_0.id,
        r1_0.name 
    from
        roles r1_0 
    where
        r1_0.name=?
2026-07-03 18:48:34 - 
    insert 
    into
        users
        (created_at, deleted, deleted_at, email, password, role_id, updated_at, uuid) 
    values
        (?, ?, ?, ?, ?, ?, ?, ?)
2026-07-03 18:49:25 - 
    select
        u1_0.id,
        u1_0.created_at,
        u1_0.deleted,
        u1_0.deleted_at,
        u1_0.email,
        u1_0.password,
        u1_0.role_id,
        u1_0.updated_at,
        u1_0.uuid 
    from
        users u1_0 
    where
        u1_0.email=?
2026-07-03 20:27:14 - 
    select
        u1_0.id,
        u1_0.created_at,
        u1_0.deleted,
        u1_0.deleted_at,
        u1_0.email,
        u1_0.password,
        u1_0.role_id,
        u1_0.updated_at,
        u1_0.uuid 
    from
        users u1_0 
    where
        u1_0.email=?
2026-07-03 20:32:30 - 
    select
        u1_0.id 
    from
        users u1_0 
    where
        u1_0.email=? 
    fetch
        first ? rows only
2026-07-03 20:32:58 - 
    select
        u1_0.id 
    from
        users u1_0 
    where
        u1_0.email=? 
    fetch
        first ? rows only
2026-07-03 20:33:17 - 
    select
        u1_0.id 
    from
        users u1_0 
    where
        u1_0.email=? 
    fetch
        first ? rows only
2026-07-03 20:33:17 - 
    select
        u1_0.id 
    from
        users u1_0 
    where
        u1_0.email=? 
    fetch
        first ? rows only
2026-07-03 20:33:17 - 
    select
        r1_0.id,
        r1_0.name 
    from
        roles r1_0 
    where
        r1_0.name=?
2026-07-03 20:34:07 - 
    select
        u1_0.id 
    from
        users u1_0 
    where
        u1_0.email=? 
    fetch
        first ? rows only
2026-07-03 20:34:07 - 
    select
        u1_0.id 
    from
        users u1_0 
    where
        u1_0.email=? 
    fetch
        first ? rows only
2026-07-03 20:34:07 - 
    select
        r1_0.id,
        r1_0.name 
    from
        roles r1_0 
    where
        r1_0.name=?
2026-07-03 20:34:22 - 
    select
        u1_0.id,
        u1_0.created_at,
        u1_0.deleted,
        u1_0.deleted_at,
        u1_0.email,
        u1_0.password,
        u1_0.role_id,
        u1_0.updated_at,
        u1_0.uuid 
    from
        users u1_0 
    where
        u1_0.email=?
2026-07-03 20:34:25 - 
    select
        u1_0.id 
    from
        users u1_0 
    where
        u1_0.email=? 
    fetch
        first ? rows only
2026-07-03 20:34:25 - 
    select
        u1_0.id 
    from
        users u1_0 
    where
        u1_0.email=? 
    fetch
        first ? rows only
2026-07-03 20:34:26 - 
    select
        r1_0.id,
        r1_0.name 
    from
        roles r1_0 
    where
        r1_0.name=?
2026-07-03 20:45:16 - 
    select
        u1_0.id,
        u1_0.created_at,
        u1_0.deleted,
        u1_0.deleted_at,
        u1_0.email,
        u1_0.password,
        u1_0.role_id,
        u1_0.updated_at,
        u1_0.uuid 
    from
        users u1_0 
    where
        u1_0.email=?
2026-07-03 20:45:23 - 
    select
        u1_0.id 
    from
        users u1_0 
    where
        u1_0.email=? 
    fetch
        first ? rows only
2026-07-03 20:45:23 - 
    select
        u1_0.id 
    from
        users u1_0 
    where
        u1_0.email=? 
    fetch
        first ? rows only
2026-07-03 20:45:23 - 
    select
        r1_0.id,
        r1_0.name 
    from
        roles r1_0 
    where
        r1_0.name=?
2026-07-03 20:45:23 - 
    insert 
    into
        users
        (created_at, deleted, deleted_at, email, password, role_id, updated_at, uuid) 
    values
        (?, ?, ?, ?, ?, ?, ?, ?)
2026-07-03 20:52:16 - 
    select
        u1_0.id,
        u1_0.created_at,
        u1_0.deleted,
        u1_0.deleted_at,
        u1_0.email,
        u1_0.password,
        u1_0.role_id,
        u1_0.updated_at,
        u1_0.uuid 
    from
        users u1_0 
    where
        u1_0.email=?
2026-07-03 20:52:31 - 
    select
        u1_0.id,
        u1_0.created_at,
        u1_0.deleted,
        u1_0.deleted_at,
        u1_0.email,
        u1_0.password,
        u1_0.role_id,
        u1_0.updated_at,
        u1_0.uuid 
    from
        users u1_0 
    where
        u1_0.email=? 
        and u1_0.deleted=false
2026-07-03 20:52:37 - 
    select
        u1_0.id,
        u1_0.created_at,
        u1_0.deleted,
        u1_0.deleted_at,
        u1_0.email,
        u1_0.password,
        u1_0.role_id,
        u1_0.updated_at,
        u1_0.uuid 
    from
        users u1_0 
    where
        u1_0.email=? 
        and u1_0.deleted=false
2026-07-03 20:52:37 - 
    select
        r1_0.id,
        r1_0.name 
    from
        roles r1_0 
    where
        r1_0.id=?
2026-07-03 20:52:37 - 
    select
        c1_0.role_id,
        c1_1.id,
        c1_1.description,
        c1_1.name 
    from
        roles_capabilities c1_0 
    join
        capabilities c1_1 
            on c1_1.id=c1_0.capability_id 
    where
        c1_0.role_id=?
2026-07-03 20:53:05 - 
    select
        u1_0.id 
    from
        users u1_0 
    where
        u1_0.email=? 
    fetch
        first ? rows only
2026-07-03 20:53:17 - 
    select
        u1_0.id 
    from
        users u1_0 
    where
        u1_0.email=? 
    fetch
        first ? rows only
2026-07-03 20:55:17 - 
    select
        u1_0.id,
        u1_0.created_at,
        u1_0.deleted,
        u1_0.deleted_at,
        u1_0.email,
        u1_0.password,
        u1_0.role_id,
        u1_0.updated_at,
        u1_0.uuid 
    from
        users u1_0 
    where
        u1_0.email=?
2026-07-03 20:55:47 - 
    select
        u1_0.id,
        u1_0.created_at,
        u1_0.deleted,
        u1_0.deleted_at,
        u1_0.email,
        u1_0.password,
        u1_0.role_id,
        u1_0.updated_at,
        u1_0.uuid 
    from
        users u1_0 
    where
        u1_0.email=? 
        and u1_0.deleted=false
2026-07-03 20:55:47 - 
    select
        r1_0.id,
        r1_0.name 
    from
        roles r1_0 
    where
        r1_0.id=?
2026-07-03 20:55:47 - 
    select
        c1_0.role_id,
        c1_1.id,
        c1_1.description,
        c1_1.name 
    from
        roles_capabilities c1_0 
    join
        capabilities c1_1 
            on c1_1.id=c1_0.capability_id 
    where
        c1_0.role_id=?
