2026-07-10 17:48:18 - 
    select
        u1_0.id,
        u1_0.created_at,
        u1_0.deleted,
        u1_0.deleted_at,
        u1_0.email,
        u1_0.password,
        u1_0.role_id,
        u1_0.updated_at,
        u1_0.uuid 
    from
        users u1_0 
    where
        u1_0.email=?
2026-07-10 17:50:52 - 
    select
        u1_0.id 
    from
        users u1_0 
    where
        u1_0.email=? 
    fetch
        first ? rows only
2026-07-10 17:51:55 - 
    select
        u1_0.id 
    from
        users u1_0 
    where
        u1_0.email=? 
    fetch
        first ? rows only
2026-07-10 17:53:21 - 
    select
        u1_0.id 
    from
        users u1_0 
    where
        u1_0.email=? 
    fetch
        first ? rows only
