2026-07-02 21:24:32 - 
    select
        u1_0.id,
        u1_0.created_at,
        u1_0.deleted,
        u1_0.deleted_at,
        u1_0.email,
        u1_0.password,
        u1_0.role_id,
        u1_0.updated_at,
        u1_0.uuid 
    from
        users u1_0 
    where
        u1_0.email=?
2026-07-02 21:24:32 - 
    select
        r1_0.id,
        r1_0.name 
    from
        roles r1_0 
    where
        r1_0.name=?
2026-07-02 21:29:52 - 
    select
        u1_0.id,
        u1_0.created_at,
        u1_0.deleted,
        u1_0.deleted_at,
        u1_0.email,
        u1_0.password,
        u1_0.role_id,
        u1_0.updated_at,
        u1_0.uuid 
    from
        users u1_0 
    where
        u1_0.email=?
2026-07-02 21:29:52 - 
    select
        r1_0.id,
        r1_0.name 
    from
        roles r1_0 
    where
        r1_0.name=?
