2026-07-02 21:12:55 INFO  o.a.coyote.http11.Http11NioProtocol - Initializing ProtocolHandler ["http-nio-8080"]
2026-07-02 21:12:55 INFO  o.a.catalina.core.StandardService - Starting service [Tomcat]
2026-07-02 21:12:55 INFO  o.a.catalina.core.StandardEngine - Starting Servlet engine: [Apache Tomcat/11.0.22]
2026-07-02 21:12:55 INFO  o.a.catalina.core.StandardService - Stopping service [Tomcat]
2026-07-02 21:15:43 INFO  o.a.coyote.http11.Http11NioProtocol - Initializing ProtocolHandler ["http-nio-8080"]
2026-07-02 21:15:43 INFO  o.a.catalina.core.StandardService - Starting service [Tomcat]
2026-07-02 21:15:43 INFO  o.a.catalina.core.StandardEngine - Starting Servlet engine: [Apache Tomcat/11.0.22]
2026-07-02 21:15:44 INFO  o.a.catalina.core.StandardService - Stopping service [Tomcat]
2026-07-02 21:18:19 INFO  o.a.coyote.http11.Http11NioProtocol - Initializing ProtocolHandler ["http-nio-8080"]
2026-07-02 21:18:19 INFO  o.a.catalina.core.StandardService - Starting service [Tomcat]
2026-07-02 21:18:19 INFO  o.a.catalina.core.StandardEngine - Starting Servlet engine: [Apache Tomcat/11.0.22]
2026-07-02 21:18:21 INFO  o.a.catalina.core.StandardService - Stopping service [Tomcat]
2026-07-02 21:20:34 INFO  o.a.coyote.http11.Http11NioProtocol - Initializing ProtocolHandler ["http-nio-8080"]
2026-07-02 21:20:34 INFO  o.a.catalina.core.StandardService - Starting service [Tomcat]
2026-07-02 21:20:34 INFO  o.a.catalina.core.StandardEngine - Starting Servlet engine: [Apache Tomcat/11.0.22]
2026-07-02 21:20:36 INFO  o.a.coyote.http11.Http11NioProtocol - Starting ProtocolHandler ["http-nio-8080"]
2026-07-02 21:24:30 INFO  o.a.coyote.http11.Http11NioProtocol - Initializing ProtocolHandler ["http-nio-8080"]
2026-07-02 21:24:30 INFO  o.a.catalina.core.StandardService - Starting service [Tomcat]
2026-07-02 21:24:30 INFO  o.a.catalina.core.StandardEngine - Starting Servlet engine: [Apache Tomcat/11.0.22]
2026-07-02 21:24:32 INFO  o.a.coyote.http11.Http11NioProtocol - Starting ProtocolHandler ["http-nio-8080"]
2026-07-02 21:29:49 INFO  o.a.coyote.http11.Http11NioProtocol - Initializing ProtocolHandler ["http-nio-8080"]
2026-07-02 21:29:49 INFO  o.a.catalina.core.StandardService - Starting service [Tomcat]
2026-07-02 21:29:49 INFO  o.a.catalina.core.StandardEngine - Starting Servlet engine: [Apache Tomcat/11.0.22]
2026-07-02 21:29:51 INFO  o.a.coyote.http11.Http11NioProtocol - Starting ProtocolHandler ["http-nio-8080"]
